Load "c:\\Users\\Home\\Desktop\\New Folder\\f407_FreeRTOS+LVGL_demo\\USER\\Objects\\001.axf" 
* JLink Info: Device "UNSPECIFIED" selected.
Set JLink Project File to "c:\Users\Home\Desktop\New Folder\f407_FreeRTOS+LVGL_demo\USER\JLinkSettings.ini"* JLink Info: Device "UNSPECIFIED" selected.

JLink info:
------------
DLL: V4.96d, compiled Jan 29 2015 11:45:37
Firmware: J-Link ARM-OB STM32 compiled Aug 22 2012 19:52:04
Hardware: V7.00
S/N : 20090930 
Feature(s) : RDI,FlashDL,FlashBP,JFlash,GDBFull 

* JLink Info: Found SWD-DP with ID 0x2BA01477
* JLink Info: Found Cortex-M4 r0p1, Little endian.
* JLink Info: FPUnit: 6 code (BP) slots and 2 literal slots
* JLink Info: TPIU fitted.
* JLink Info: ETM fitted.
ROMTableAddr = 0xE00FF003

Target info:
------------
Device: STM32F407ZETx
VTarget = 3.300V
State of Pins: TCK: 0, TDI: 0, TDO: 1, TMS: 0, TRES: 1, TRST: 1
Hardware-Breakpoints: 6
Software-Breakpoints: 8192
Watchpoints:          4
JTAG speed: 4000 kHz

Erase Done.Programming Done.Verify OK.Application running ...
Flash Load finished at 16:42:01
